2020-03-06T06:14:25Z, Server 34 DELETE /index.php HTTP/1.1" 500 53318 https://rkn.gov.ru/ Mozilla/4.0 (compatible; MSIE 6.0; Windows NT 5.1; SV1; .NET CLR 1.1.4322) 
2020-03-06T06:14:29Z, Server 34 POST /wp-amin HTTP/1.1" 404 15497 https://yandex.ru/ Mozilla/4.0 (compatible; MSIE 6.0; Windows NT 5.1; SV1; .NET CLR 1.1.4322) 
2020-03-06T06:14:29Z, Server 34 PUT /readme.html HTTP/1.1" 503 54076 https://google.ru/ Mozilla/4.0 (compatible; MSIE 6.0; Windows NT 5.1; SV1; .NET CLR 1.1.4322) 
2020-03-06T06:14:32Z, Server 34 GET /wp-includes HTTP/1.1" 404 64042 https://yandex.ru/ Mozilla/4.0 (compatible; MSIE 6.0; Windows NT 5.1; SV1; .NET CLR 1.1.4322) 
2020-03-06T06:14:33Z, Server 34 POST /wp-includes HTTP/1.1" 403 20469 https://rkn.gov.ru/ Mozilla/5.0 (X11; Linux x86_64; rv:6.0a1) Gecko/20110421 Firefox/6.0a1 
2020-03-06T06:14:34Z, Server 34 DELETE /wp-amin HTTP/1.1" 404 52570 https://yandex.ru/ Mozilla/5.0 (X11; Linux x86_64; rv:6.0a1) Gecko/20110421 Firefox/6.0a1 
2020-03-06T06:14:40Z, Server 34 GET /wp-cron.php HTTP/1.1" 503 25224 https://rkn.gov.ru/ Mozilla/4.0 (compatible; MSIE 6.0; Windows NT 5.1; SV1; .NET CLR 1.1.4322) 
2020-03-06T06:14:41Z, Server 34 DELETE /robots.txt HTTP/1.1" 403 10676 https://yandex.ru/ Mozilla/5.0 (X11; Linux i686) AppleWebKit/534.24 (KHTML, like Gecko) Chrome/11.0.696.50 Safari/534.24 
2020-03-06T06:14:44Z, Server 34 PUT /wp-content HTTP/1.1" 403 62805 https://google.ru/ Mozilla/4.0 (compatible; MSIE 6.0; Windows NT 5.1; SV1; .NET CLR 1.1.4322) 
2020-03-06T06:14:45Z, Server 34 GET /wp-cron.php HTTP/1.1" 403 14100 https://google.ru/ Mozilla/5.0 (X11; Linux i686) AppleWebKit/534.24 (KHTML, like Gecko) Chrome/11.0.696.50 Safari/534.24 
2020-03-06T06:14:46Z, Server 34 DELETE /robots.txt HTTP/1.1" 503 26139 https://google.ru/ Mozilla/5.0 (X11; Linux i686) AppleWebKit/534.24 (KHTML, like Gecko) Chrome/11.0.696.50 Safari/534.24 
2020-03-06T06:14:47Z, Server 34 PUT /robots.txt HTTP/1.1" 403 18469 https://yandex.ru/ Mozilla/4.0 (compatible; MSIE 6.0; Windows NT 5.1; SV1; .NET CLR 1.1.4322) 
2020-03-06T06:14:47Z, Server 34 DELETE /wp-content HTTP/1.1" 403 18915 https://yandex.ru/ Mozilla/5.0 (X11; Linux x86_64; rv:6.0a1) Gecko/20110421 Firefox/6.0a1 
2020-03-06T06:14:47Z, Server 34 DELETE /wp-content HTTP/1.1" 200 37526 https://google.ru/ Mozilla/5.0 (X11; Linux x86_64; rv:6.0a1) Gecko/20110421 Firefox/6.0a1 
2020-03-06T06:14:47Z, Server 34 POST /wp-content HTTP/1.1" 503 57911 https://google.ru/ Mozilla/5.0 (X11; Linux x86_64; rv:6.0a1) Gecko/20110421 Firefox/6.0a1 
2020-03-06T06:14:49Z, Server 34 POST /index.php HTTP/1.1" 200 30411 https://yandex.ru/ Mozilla/4.0 (compatible; MSIE 6.0; Windows NT 5.1; SV1; .NET CLR 1.1.4322) 
2020-03-06T06:14:49Z, Server 34 POST /wp-content HTTP/1.1" 500 16278 https://rkn.gov.ru/ Mozilla/4.0 (compatible; MSIE 6.0; Windows NT 5.1; SV1; .NET CLR 1.1.4322) 
2020-03-06T06:14:51Z, Server 34 POST /robots.txt HTTP/1.1" 200 26227 https://yandex.ru/ Mozilla/5.0 (X11; Linux x86_64; rv:6.0a1) Gecko/20110421 Firefox/6.0a1 
2020-03-06T06:14:53Z, Server 34 POST /index.php HTTP/1.1" 200 15318 https://yandex.ru/ Mozilla/4.0 (compatible; MSIE 6.0; Windows NT 5.1; SV1; .NET CLR 1.1.4322) 
2020-03-06T06:14:54Z, Server 34 GET /wp-cron.php HTTP/1.1" 503 52368 https://yandex.ru/ Mozilla/4.0 (compatible; MSIE 6.0; Windows NT 5.1; SV1; .NET CLR 1.1.4322) 
